{ "type": "MSG", "tm": 1716486529848, "sender": "client", "receiver": "http://localhost:8080", "message": { "hash": "es1716486529846http://localhost:808021330127029", "message": "es", "infectionCount": 2 } }
{ "type": "MSG", "tm": 1716486659211, "sender": "client", "receiver": "http://localhost:8080", "message": { "hash": "es1716486659204http://localhost:80802307606980", "message": "es", "infectionCount": 2 } }
{ "type": "MSG", "tm": 1716486955680, "sender": "client", "receiver": "http://localhost:8080", "message": { "hash": "es1716486955679http://localhost:80802-285870112", "message": "es", "infectionCount": 2 } }
{ "type": "MSG", "tm": 1716486986187, "sender": "client", "receiver": "http://localhost:8080", "message": { "hash": "es1716486986187http://localhost:80802-2042317247", "message": "es", "infectionCount": 2 } }
{ "type": "MSG", "tm": 1716490270915, "sender": "client", "receiver": "http://localhost:8080", "message": { "hash": "es1716490270914http://localhost:808021973854478", "message": "es", "infectionCount": 2 } }
{ "type": "MSG", "tm": 1716490398001, "sender": "client", "receiver": "http://localhost:8080", "message": { "hash": "es1716490398000http://localhost:80802-263484795", "message": "es", "infectionCount": 2 } }
{ "type": "MSG", "tm": 1716490436784, "sender": "client", "receiver": "http://localhost:8080", "message": { "hash": "es1716490436784http://localhost:80801-1701559078", "message": "es", "infectionCount": 1 } }
{ "type": "MSG", "tm": 1716490464229, "sender": "client", "receiver": "http://localhost:8080", "message": { "hash": "es1716490464223http://localhost:80802299464493", "message": "es", "infectionCount": 2 } }
{ "type": "MSG", "tm": 1716490570382, "sender": "client", "receiver": "http://localhost:8080", "message": { "hash": "es1716490570381http://localhost:808021603780491", "message": "es", "infectionCount": 2 } }
{ "type": "MSG", "tm": 1716490663056, "sender": "client", "receiver": "http://localhost:8080", "message": { "hash": "es1716490663050http://localhost:80802-719918390", "message": "es", "infectionCount": 2 } }
{ "type": "MSG", "tm": 1716491082143, "sender": "client", "receiver": "http://localhost:8080", "message": { "hash": "es1716491082142http://localhost:80802-571740358", "message": "es", "infectionCount": 2 } }
{ "type": "MSG", "tm": 1716491096747, "sender": "client", "receiver": "http://localhost:8080", "message": { "hash": "es1716491096746http://localhost:80802-329530789", "message": "es", "infectionCount": 2 } }
{ "type": "MSG", "tm": 1716491175865, "sender": "client", "receiver": "http://localhost:8080", "message": { "hash": "ds1716491175863http://localhost:808021681314831", "message": "ds", "infectionCount": 2 } }
{ "type": "MSG", "tm": 1716491311465, "sender": "client", "receiver": "http://localhost:8080", "message": { "hash": "d1716491311463http://localhost:808021791159183", "message": "d", "infectionCount": 2 } }
{ "type": "MSG", "tm": 1716491615897, "sender": "client", "receiver": "http://localhost:8080", "message": { "hash": "d1716491615896http://localhost:80802579657814", "message": "d", "infectionCount": 2 } }
{ "type": "MSG", "tm": 1716491644530, "sender": "client", "receiver": "http://localhost:8080", "message": { "hash": "d1716491644530http://localhost:80802484394649", "message": "d", "infectionCount": 2 } }
{ "type": "MSG", "tm": 1716491749556, "sender": "client", "receiver": "http://localhost:8080", "message": { "hash": "d1716491749556http://localhost:80802417546158", "message": "d", "infectionCount": 2 } }
{ "type": "MSG", "tm": 1716491826991, "sender": "client", "receiver": "http://localhost:8080", "message": { "hash": "d1716491826983http://localhost:80802495125121", "message": "d", "infectionCount": 2 } }
{ "type": "MSG", "tm": 1716491988470, "sender": "client", "receiver": "http://localhost:8080", "message": { "hash": "d1716491988469http://localhost:80802622430076", "message": "d", "infectionCount": 2 } }
{ "type": "MSG", "tm": 1716492512116, "sender": "client", "receiver": "http://localhost:8080", "message": { "hash": "d1716492512115http://localhost:80802214000226", "message": "d", "infectionCount": 2 } }
{ "type": "MSG", "tm": 1716493251918, "sender": "client", "receiver": "http://localhost:8080", "message": { "hash": "d1716493251917http://localhost:80802995067763", "message": "d", "infectionCount": 2 } }
{ "type": "MSG", "tm": 1716493261340, "sender": "client", "receiver": "http://localhost:8080", "message": { "hash": "d1716493261339http://localhost:80802576716131", "message": "d", "infectionCount": 2 } }
{ "type": "MSG", "tm": 1716493264381, "sender": "client", "receiver": "http://localhost:8080", "message": { "hash": "d1716493264381http://localhost:80802-212653316", "message": "d", "infectionCount": 2 } }
{ "type": "MSG", "tm": 1716493277920, "sender": "client", "receiver": "http://localhost:8080", "message": { "hash": "dk1716493277919http://localhost:80802-1071799420", "message": "dk", "infectionCount": 2 } }
{ "type": "MSG", "tm": 1716493284777, "sender": "client", "receiver": "http://localhost:8080", "message": { "hash": "dad1716493284777http://localhost:80802-2145015076", "message": "dad", "infectionCount": 2 } }
